<?xml version="1.0" encoding="UTF-8"?>
<!-- Generated by org.testng.reporters.JUnitReportReporter -->
<testsuite hostname="LAPTOP-G8L3U3IR" failures="0" tests="1" name="testPathLab.LoginTest" time="3.057" errors="0" timestamp="2023-12-12T15:59:24 IST" skipped="0">
  <testcase classname="testPathLab.LoginTest" name="validLogin" time="3.057"/>
  <system-out/>
</testsuite> <!-- testPathLab.LoginTest -->
