<?xml version="1.0" encoding="UTF-8"?>
<!-- Generated by org.testng.reporters.JUnitReportReporter -->
<testsuite hostname="LAPTOP-G8L3U3IR" failures="0" tests="1" name="testPathLab.PatientPageTest" time="31.417" errors="0" timestamp="2023-12-12T15:59:24 IST" skipped="0">
  <testcase classname="testPathLab.PatientPageTest" name="launchPatientPage" time="31.417"/>
  <system-out/>
</testsuite> <!-- testPathLab.PatientPageTest -->
